<?xml version="1.0" encoding="UTF-8"?>
<!-- Generated by org.testng.reporters.JUnitReportReporter -->
<testsuite hostname="DESKTOP-EROT39V" failures="0" tests="2" name="apis.UpdateUserTest" time="2.289" errors="0" timestamp="2025-05-22T13:39:22 IST" skipped="0">
  <testcase classname="apis.UpdateUserTest" name="updateUserNegative" time="1.153"/>
  <testcase classname="apis.UpdateUserTest" name="updateUserPositive" time="1.136"/>
</testsuite> <!-- apis.UpdateUserTest -->
