<?xml version="1.0" encoding="UTF-8"?>
<!-- Generated by org.testng.reporters.JUnitReportReporter -->
<testsuite hostname="DESKTOP-EROT39V" failures="0" tests="3" name="apis.GetUserByNameTest" time="6.623" errors="0" timestamp="2025-05-22T13:39:22 IST" skipped="1">
  <testcase classname="apis.GetUserByNameTest" name="getUserPositive" time="2.747">
    <skipped/>
  </testcase> <!-- getUserPositive -->
  <testcase classname="apis.GetUserByNameTest" name="getUserPositive" time="1.137"/>
  <testcase classname="apis.GetUserByNameTest" name="getUserNegative" time="2.739"/>
</testsuite> <!-- apis.GetUserByNameTest -->
