<?xml version="1.0" encoding="UTF-8"?>
<!-- Generated by org.testng.reporters.JUnitReportReporter -->
<testsuite hostname="DESKTOP-EROT39V" failures="0" tests="2" name="apis.DeleteUserTest" time="3.877" errors="0" timestamp="2025-05-22T13:39:22 IST" skipped="0">
  <testcase classname="apis.DeleteUserTest" name="deleteUserNegative" time="2.731"/>
  <testcase classname="apis.DeleteUserTest" name="deleteUserPositive" time="1.146"/>
</testsuite> <!-- apis.DeleteUserTest -->
