<?xml version="1.0" encoding="UTF-8"?>
<!-- Generated by org.testng.reporters.JUnitReportReporter -->
<testsuite hostname="DESKTOP-EROT39V" failures="0" tests="2" name="apis.CreateUserTest" time="5.468" errors="0" timestamp="2025-05-22T13:39:22 IST" skipped="0">
  <testcase classname="apis.CreateUserTest" name="createUserNegative" time="2.732"/>
  <testcase classname="apis.CreateUserTest" name="createUserPositive" time="2.736"/>
</testsuite> <!-- apis.CreateUserTest -->
